I, [2015-03-01T15:28:58.698257 #5368]  INFO -- : Browser is opened and web address entered
I, [2015-03-01T15:29:00.960386 #5368]  INFO -- : Login Link is clicked and opened
I, [2015-03-01T15:38:45.050794 #2052]  INFO -- : Browser is opened and web address entered
I, [2015-03-01T15:38:47.021907 #2052]  INFO -- : Login Link is clicked and opened
I, [2015-03-01T15:38:48.418987 #2052]  INFO -- : Email entered successfully
I, [2015-03-01T15:38:48.807009 #2052]  INFO -- : Password entered successfully
I, [2015-03-01T15:38:52.435216 #2052]  INFO -- : System got logon
I, [2015-03-01T15:43:32.401229 #4264]  INFO -- : Browser is opened and web address entered
I, [2015-03-01T15:43:34.290338 #4264]  INFO -- : Login Link is clicked and opened
I, [2015-03-01T15:43:35.643415 #4264]  INFO -- : Email entered successfully
I, [2015-03-01T15:43:36.011436 #4264]  INFO -- : Password entered successfully
I, [2015-03-01T15:43:39.701647 #4264]  INFO -- : System got logon
I, [2015-03-01T15:43:39.852656 #4264]  INFO -- : Verified Valid login
I, [2015-03-01T15:46:13.083420 #2836]  INFO -- : Browser is opened and web address entered
I, [2015-03-01T15:46:15.059533 #2836]  INFO -- : Login Link is clicked and opened
I, [2015-03-01T15:46:16.404610 #2836]  INFO -- : Email entered successfully
I, [2015-03-01T15:46:16.770631 #2836]  INFO -- : Password entered successfully
I, [2015-03-01T15:46:19.995815 #2836]  INFO -- : System got logon
E, [2015-03-01T15:46:19.998816 #2836] ERROR -- : Error occurred at the verify mehtod
D, [2015-03-01T15:46:19.998816 #2836] DEBUG -- : undefined method `text' for #<Selenium::WebDriver::Driver:0x6ae390a0 browser=:chrome> (NoMethodError)
C:/Projects/Ruby Projects/Selenium.Framework.Seotoaster/features/support/pages/landing_page.rb:11:in `verify_valid_login'
C:/Projects/Ruby Projects/Selenium.Framework.Seotoaster/features/step_definitions/SEOTOASTER001_login_page_step.rb:15:in `block in <top (required)>'
C:/Ruby193/lib/ruby/gems/1.9.1/gems/cucumber-1.3.18/lib/cucumber/core_ext/instance_exec.rb:48:in `instance_exec'
C:/Ruby193/lib/ruby/gems/1.9.1/gems/cucumber-1.3.18/lib/cucumber/core_ext/instance_exec.rb:48:in `block in cucumber_instance_exec'
C:/Ruby193/lib/ruby/gems/1.9.1/gems/cucumber-1.3.18/lib/cucumber/core_ext/instance_exec.rb:69:in `cucumber_run_with_backtrace_filtering'
C:/Ruby193/lib/ruby/gems/1.9.1/gems/cucumber-1.3.18/lib/cucumber/core_ext/instance_exec.rb:36:in `cucumber_instance_exec'
C:/Ruby193/lib/ruby/gems/1.9.1/gems/cucumber-1.3.18/lib/cucumber/rb_support/rb_step_definition.rb:97:in `invoke'
C:/Ruby193/lib/ruby/gems/1.9.1/gems/cucumber-1.3.18/lib/cucumber/step_match.rb:25:in `invoke'
C:/Ruby193/lib/ruby/gems/1.9.1/gems/cucumber-1.3.18/lib/cucumber/ast/step_invocation.rb:60:in `invoke'
C:/Ruby193/lib/ruby/gems/1.9.1/gems/cucumber-1.3.18/lib/cucumber/ast/step_invocation.rb:38:in `accept'
C:/Ruby193/lib/ruby/gems/1.9.1/gems/cucumber-1.3.18/lib/cucumber/ast/tree_walker.rb:106:in `block in visit_step'
C:/Ruby193/lib/ruby/gems/1.9.1/gems/cucumber-1.3.18/lib/cucumber/ast/tree_walker.rb:170:in `broadcast'
C:/Ruby193/lib/ruby/gems/1.9.1/gems/cucumber-1.3.18/lib/cucumber/ast/tree_walker.rb:105:in `visit_step'
C:/Ruby193/lib/ruby/gems/1.9.1/gems/cucumber-1.3.18/lib/cucumber/ast/step_collection.rb:19:in `block in accept'
C:/Ruby193/lib/ruby/gems/1.9.1/gems/cucumber-1.3.18/lib/cucumber/ast/step_collection.rb:18:in `each'
C:/Ruby193/lib/ruby/gems/1.9.1/gems/cucumber-1.3.18/lib/cucumber/ast/step_collection.rb:18:in `accept'
C:/Ruby193/lib/ruby/gems/1.9.1/gems/cucumber-1.3.18/lib/cucumber/ast/tree_walker.rb:100:in `block in visit_steps'
C:/Ruby193/lib/ruby/gems/1.9.1/gems/cucumber-1.3.18/lib/cucumber/ast/tree_walker.rb:170:in `broadcast'
C:/Ruby193/lib/ruby/gems/1.9.1/gems/cucumber-1.3.18/lib/cucumber/ast/tree_walker.rb:99:in `visit_steps'
C:/Ruby193/lib/ruby/gems/1.9.1/gems/cucumber-1.3.18/lib/cucumber/ast/tree_walker.rb:15:in `block in execute'
C:/Ruby193/lib/ruby/gems/1.9.1/gems/cucumber-1.3.18/lib/cucumber/runtime.rb:83:in `block (2 levels) in with_hooks'
C:/Ruby193/lib/ruby/gems/1.9.1/gems/cucumber-1.3.18/lib/cucumber/runtime.rb:99:in `before_and_after'
C:/Ruby193/lib/ruby/gems/1.9.1/gems/cucumber-1.3.18/lib/cucumber/runtime.rb:82:in `block in with_hooks'
C:/Ruby193/lib/ruby/gems/1.9.1/gems/cucumber-1.3.18/lib/cucumber/runtime/support_code.rb:120:in `call'
C:/Ruby193/lib/ruby/gems/1.9.1/gems/cucumber-1.3.18/lib/cucumber/runtime/support_code.rb:120:in `block (3 levels) in around'
C:/Ruby193/lib/ruby/gems/1.9.1/gems/cucumber-1.3.18/lib/cucumber/language_support/language_methods.rb:9:in `block in around'
C:/Ruby193/lib/ruby/gems/1.9.1/gems/cucumber-1.3.18/lib/cucumber/language_support/language_methods.rb:91:in `call'
C:/Ruby193/lib/ruby/gems/1.9.1/gems/cucumber-1.3.18/lib/cucumber/language_support/language_methods.rb:91:in `execute_around'
C:/Ruby193/lib/ruby/gems/1.9.1/gems/cucumber-1.3.18/lib/cucumber/language_support/language_methods.rb:8:in `around'
C:/Ruby193/lib/ruby/gems/1.9.1/gems/cucumber-1.3.18/lib/cucumber/runtime/support_code.rb:119:in `block (2 levels) in around'
C:/Ruby193/lib/ruby/gems/1.9.1/gems/cucumber-1.3.18/lib/cucumber/runtime/support_code.rb:117:in `call'
C:/Ruby193/lib/ruby/gems/1.9.1/gems/cucumber-1.3.18/lib/cucumber/runtime/support_code.rb:117:in `around'
C:/Ruby193/lib/ruby/gems/1.9.1/gems/cucumber-1.3.18/lib/cucumber/runtime.rb:94:in `around'
C:/Ruby193/lib/ruby/gems/1.9.1/gems/cucumber-1.3.18/lib/cucumber/runtime.rb:81:in `with_hooks'
C:/Ruby193/lib/ruby/gems/1.9.1/gems/cucumber-1.3.18/lib/cucumber/ast/tree_walker.rb:13:in `execute'
C:/Ruby193/lib/ruby/gems/1.9.1/gems/cucumber-1.3.18/lib/cucumber/ast/scenario.rb:32:in `block in accept'
C:/Ruby193/lib/ruby/gems/1.9.1/gems/cucumber-1.3.18/lib/cucumber/ast/scenario.rb:79:in `with_visitor'
C:/Ruby193/lib/ruby/gems/1.9.1/gems/cucumber-1.3.18/lib/cucumber/ast/scenario.rb:31:in `accept'
C:/Ruby193/lib/ruby/gems/1.9.1/gems/cucumber-1.3.18/lib/cucumber/ast/tree_walker.rb:58:in `block in visit_feature_element'
C:/Ruby193/lib/ruby/gems/1.9.1/gems/cucumber-1.3.18/lib/cucumber/ast/tree_walker.rb:170:in `broadcast'
C:/Ruby193/lib/ruby/gems/1.9.1/gems/cucumber-1.3.18/lib/cucumber/ast/tree_walker.rb:57:in `visit_feature_element'
C:/Ruby193/lib/ruby/gems/1.9.1/gems/cucumber-1.3.18/lib/cucumber/ast/feature.rb:38:in `block in accept'
C:/Ruby193/lib/ruby/gems/1.9.1/gems/cucumber-1.3.18/lib/cucumber/ast/feature.rb:37:in `each'
C:/Ruby193/lib/ruby/gems/1.9.1/gems/cucumber-1.3.18/lib/cucumber/ast/feature.rb:37:in `accept'
C:/Ruby193/lib/ruby/gems/1.9.1/gems/cucumber-1.3.18/lib/cucumber/ast/tree_walker.rb:27:in `block in visit_feature'
C:/Ruby193/lib/ruby/gems/1.9.1/gems/cucumber-1.3.18/lib/cucumber/ast/tree_walker.rb:170:in `broadcast'
C:/Ruby193/lib/ruby/gems/1.9.1/gems/cucumber-1.3.18/lib/cucumber/ast/tree_walker.rb:26:in `visit_feature'
C:/Ruby193/lib/ruby/gems/1.9.1/gems/cucumber-1.3.18/lib/cucumber/ast/features.rb:28:in `block in accept'
C:/Ruby193/lib/ruby/gems/1.9.1/gems/cucumber-1.3.18/lib/cucumber/ast/features.rb:17:in `each'
C:/Ruby193/lib/ruby/gems/1.9.1/gems/cucumber-1.3.18/lib/cucumber/ast/features.rb:17:in `each'
C:/Ruby193/lib/ruby/gems/1.9.1/gems/cucumber-1.3.18/lib/cucumber/ast/features.rb:27:in `accept'
C:/Ruby193/lib/ruby/gems/1.9.1/gems/cucumber-1.3.18/lib/cucumber/ast/tree_walker.rb:21:in `block in visit_features'
C:/Ruby193/lib/ruby/gems/1.9.1/gems/cucumber-1.3.18/lib/cucumber/ast/tree_walker.rb:170:in `broadcast'
C:/Ruby193/lib/ruby/gems/1.9.1/gems/cucumber-1.3.18/lib/cucumber/ast/tree_walker.rb:20:in `visit_features'
C:/Ruby193/lib/ruby/gems/1.9.1/gems/cucumber-1.3.18/lib/cucumber/runtime.rb:49:in `run!'
C:/Ruby193/lib/ruby/gems/1.9.1/gems/cucumber-1.3.18/lib/cucumber/cli/main.rb:47:in `execute!'
C:/Ruby193/lib/ruby/gems/1.9.1/gems/cucumber-1.3.18/bin/cucumber:13:in `<top (required)>'
C:/Ruby193/bin/cucumber:23:in `load'
C:/Ruby193/bin/cucumber:23:in `<top (required)>'
-e:1:in `load'
-e:1:in `<main>'
I, [2015-03-01T15:47:31.401900 #4900]  INFO -- : Browser is opened and web address entered
I, [2015-03-01T15:47:33.126998 #4900]  INFO -- : Login Link is clicked and opened
I, [2015-03-01T15:47:34.766092 #4900]  INFO -- : Email entered successfully
I, [2015-03-01T15:47:35.110112 #4900]  INFO -- : Password entered successfully
I, [2015-03-01T15:47:38.610312 #4900]  INFO -- : System got logon
I, [2015-03-01T15:47:38.658315 #4900]  INFO -- : Verified Valid login
I, [2015-03-01T15:56:13.050736 #5656]  INFO -- : Browser is opened and web address entered
I, [2015-03-01T15:56:14.485818 #5656]  INFO -- : Login Link is clicked and opened
I, [2015-03-01T15:56:16.083910 #5656]  INFO -- : Email entered successfully
I, [2015-03-01T15:56:16.524935 #5656]  INFO -- : Password entered successfully
I, [2015-03-01T15:56:19.898128 #5656]  INFO -- : System got logon
I, [2015-03-01T15:56:19.996133 #5656]  INFO -- : Verified Valid login
I, [2015-03-01T16:08:01.315247 #924]  INFO -- : Browser is opened and web address entered
E, [2015-03-01T16:08:02.663324 #924] ERROR -- : Error occurred at visit_login
D, [2015-03-01T16:08:02.664324 #924] DEBUG -- : no such element
  (Session info: chrome=40.0.2214.115)
  (Driver info: chromedriver=2.14.313457 (3d645c400edf2e2c500566c9aa096063e707c9cf),platform=Windows NT 6.1 SP1 x86_64) (Selenium::WebDriver::Error::NoSuchElementError)
C:/Ruby193/lib/ruby/gems/1.9.1/gems/selenium-webdriver-2.44.0/lib/selenium/webdriver/remote/response.rb:52:in `assert_ok'
C:/Ruby193/lib/ruby/gems/1.9.1/gems/selenium-webdriver-2.44.0/lib/selenium/webdriver/remote/response.rb:15:in `initialize'
C:/Ruby193/lib/ruby/gems/1.9.1/gems/selenium-webdriver-2.44.0/lib/selenium/webdriver/remote/http/common.rb:59:in `new'
C:/Ruby193/lib/ruby/gems/1.9.1/gems/selenium-webdriver-2.44.0/lib/selenium/webdriver/remote/http/common.rb:59:in `create_response'
C:/Ruby193/lib/ruby/gems/1.9.1/gems/selenium-webdriver-2.44.0/lib/selenium/webdriver/remote/http/default.rb:66:in `request'
C:/Ruby193/lib/ruby/gems/1.9.1/gems/selenium-webdriver-2.44.0/lib/selenium/webdriver/remote/http/common.rb:40:in `call'
C:/Ruby193/lib/ruby/gems/1.9.1/gems/selenium-webdriver-2.44.0/lib/selenium/webdriver/remote/bridge.rb:640:in `raw_execute'
C:/Ruby193/lib/ruby/gems/1.9.1/gems/selenium-webdriver-2.44.0/lib/selenium/webdriver/remote/bridge.rb:618:in `execute'
C:/Ruby193/lib/ruby/gems/1.9.1/gems/selenium-webdriver-2.44.0/lib/selenium/webdriver/remote/bridge.rb:586:in `find_element_by'
C:/Ruby193/lib/ruby/gems/1.9.1/gems/selenium-webdriver-2.44.0/lib/selenium/webdriver/common/search_context.rb:42:in `find_element'
C:/Projects/Ruby Projects/Selenium.Framework.Seotoaster/features/support/pages/home_page.rb:16:in `visit_home'
C:/Projects/Ruby Projects/Selenium.Framework.Seotoaster/features/step_definitions/SEOTOASTER001_login_page_step.rb:3:in `block in <top (required)>'
C:/Ruby193/lib/ruby/gems/1.9.1/gems/cucumber-1.3.18/lib/cucumber/core_ext/instance_exec.rb:48:in `instance_exec'
C:/Ruby193/lib/ruby/gems/1.9.1/gems/cucumber-1.3.18/lib/cucumber/core_ext/instance_exec.rb:48:in `block in cucumber_instance_exec'
C:/Ruby193/lib/ruby/gems/1.9.1/gems/cucumber-1.3.18/lib/cucumber/core_ext/instance_exec.rb:69:in `cucumber_run_with_backtrace_filtering'
C:/Ruby193/lib/ruby/gems/1.9.1/gems/cucumber-1.3.18/lib/cucumber/core_ext/instance_exec.rb:36:in `cucumber_instance_exec'
C:/Ruby193/lib/ruby/gems/1.9.1/gems/cucumber-1.3.18/lib/cucumber/rb_support/rb_step_definition.rb:97:in `invoke'
C:/Ruby193/lib/ruby/gems/1.9.1/gems/cucumber-1.3.18/lib/cucumber/step_match.rb:25:in `invoke'
C:/Ruby193/lib/ruby/gems/1.9.1/gems/cucumber-1.3.18/lib/cucumber/ast/step_invocation.rb:60:in `invoke'
C:/Ruby193/lib/ruby/gems/1.9.1/gems/cucumber-1.3.18/lib/cucumber/ast/step_invocation.rb:38:in `accept'
C:/Ruby193/lib/ruby/gems/1.9.1/gems/cucumber-1.3.18/lib/cucumber/ast/tree_walker.rb:106:in `block in visit_step'
C:/Ruby193/lib/ruby/gems/1.9.1/gems/cucumber-1.3.18/lib/cucumber/ast/tree_walker.rb:170:in `broadcast'
C:/Ruby193/lib/ruby/gems/1.9.1/gems/cucumber-1.3.18/lib/cucumber/ast/tree_walker.rb:105:in `visit_step'
C:/Ruby193/lib/ruby/gems/1.9.1/gems/cucumber-1.3.18/lib/cucumber/ast/step_collection.rb:19:in `block in accept'
C:/Ruby193/lib/ruby/gems/1.9.1/gems/cucumber-1.3.18/lib/cucumber/ast/step_collection.rb:18:in `each'
C:/Ruby193/lib/ruby/gems/1.9.1/gems/cucumber-1.3.18/lib/cucumber/ast/step_collection.rb:18:in `accept'
C:/Ruby193/lib/ruby/gems/1.9.1/gems/cucumber-1.3.18/lib/cucumber/ast/tree_walker.rb:100:in `block in visit_steps'
C:/Ruby193/lib/ruby/gems/1.9.1/gems/cucumber-1.3.18/lib/cucumber/ast/tree_walker.rb:170:in `broadcast'
C:/Ruby193/lib/ruby/gems/1.9.1/gems/cucumber-1.3.18/lib/cucumber/ast/tree_walker.rb:99:in `visit_steps'
C:/Ruby193/lib/ruby/gems/1.9.1/gems/cucumber-1.3.18/lib/cucumber/ast/tree_walker.rb:15:in `block in execute'
C:/Ruby193/lib/ruby/gems/1.9.1/gems/cucumber-1.3.18/lib/cucumber/runtime.rb:83:in `block (2 levels) in with_hooks'
C:/Ruby193/lib/ruby/gems/1.9.1/gems/cucumber-1.3.18/lib/cucumber/runtime.rb:99:in `before_and_after'
C:/Ruby193/lib/ruby/gems/1.9.1/gems/cucumber-1.3.18/lib/cucumber/runtime.rb:82:in `block in with_hooks'
C:/Ruby193/lib/ruby/gems/1.9.1/gems/cucumber-1.3.18/lib/cucumber/runtime/support_code.rb:120:in `call'
C:/Ruby193/lib/ruby/gems/1.9.1/gems/cucumber-1.3.18/lib/cucumber/runtime/support_code.rb:120:in `block (3 levels) in around'
C:/Ruby193/lib/ruby/gems/1.9.1/gems/cucumber-1.3.18/lib/cucumber/language_support/language_methods.rb:9:in `block in around'
C:/Ruby193/lib/ruby/gems/1.9.1/gems/cucumber-1.3.18/lib/cucumber/language_support/language_methods.rb:91:in `call'
C:/Ruby193/lib/ruby/gems/1.9.1/gems/cucumber-1.3.18/lib/cucumber/language_support/language_methods.rb:91:in `execute_around'
C:/Ruby193/lib/ruby/gems/1.9.1/gems/cucumber-1.3.18/lib/cucumber/language_support/language_methods.rb:8:in `around'
C:/Ruby193/lib/ruby/gems/1.9.1/gems/cucumber-1.3.18/lib/cucumber/runtime/support_code.rb:119:in `block (2 levels) in around'
C:/Ruby193/lib/ruby/gems/1.9.1/gems/cucumber-1.3.18/lib/cucumber/runtime/support_code.rb:117:in `call'
C:/Ruby193/lib/ruby/gems/1.9.1/gems/cucumber-1.3.18/lib/cucumber/runtime/support_code.rb:117:in `around'
C:/Ruby193/lib/ruby/gems/1.9.1/gems/cucumber-1.3.18/lib/cucumber/runtime.rb:94:in `around'
C:/Ruby193/lib/ruby/gems/1.9.1/gems/cucumber-1.3.18/lib/cucumber/runtime.rb:81:in `with_hooks'
C:/Ruby193/lib/ruby/gems/1.9.1/gems/cucumber-1.3.18/lib/cucumber/ast/tree_walker.rb:13:in `execute'
C:/Ruby193/lib/ruby/gems/1.9.1/gems/cucumber-1.3.18/lib/cucumber/ast/scenario.rb:32:in `block in accept'
C:/Ruby193/lib/ruby/gems/1.9.1/gems/cucumber-1.3.18/lib/cucumber/ast/scenario.rb:79:in `with_visitor'
C:/Ruby193/lib/ruby/gems/1.9.1/gems/cucumber-1.3.18/lib/cucumber/ast/scenario.rb:31:in `accept'
C:/Ruby193/lib/ruby/gems/1.9.1/gems/cucumber-1.3.18/lib/cucumber/ast/tree_walker.rb:58:in `block in visit_feature_element'
C:/Ruby193/lib/ruby/gems/1.9.1/gems/cucumber-1.3.18/lib/cucumber/ast/tree_walker.rb:170:in `broadcast'
C:/Ruby193/lib/ruby/gems/1.9.1/gems/cucumber-1.3.18/lib/cucumber/ast/tree_walker.rb:57:in `visit_feature_element'
C:/Ruby193/lib/ruby/gems/1.9.1/gems/cucumber-1.3.18/lib/cucumber/ast/feature.rb:38:in `block in accept'
C:/Ruby193/lib/ruby/gems/1.9.1/gems/cucumber-1.3.18/lib/cucumber/ast/feature.rb:37:in `each'
C:/Ruby193/lib/ruby/gems/1.9.1/gems/cucumber-1.3.18/lib/cucumber/ast/feature.rb:37:in `accept'
C:/Ruby193/lib/ruby/gems/1.9.1/gems/cucumber-1.3.18/lib/cucumber/ast/tree_walker.rb:27:in `block in visit_feature'
C:/Ruby193/lib/ruby/gems/1.9.1/gems/cucumber-1.3.18/lib/cucumber/ast/tree_walker.rb:170:in `broadcast'
C:/Ruby193/lib/ruby/gems/1.9.1/gems/cucumber-1.3.18/lib/cucumber/ast/tree_walker.rb:26:in `visit_feature'
C:/Ruby193/lib/ruby/gems/1.9.1/gems/cucumber-1.3.18/lib/cucumber/ast/features.rb:28:in `block in accept'
C:/Ruby193/lib/ruby/gems/1.9.1/gems/cucumber-1.3.18/lib/cucumber/ast/features.rb:17:in `each'
C:/Ruby193/lib/ruby/gems/1.9.1/gems/cucumber-1.3.18/lib/cucumber/ast/features.rb:17:in `each'
C:/Ruby193/lib/ruby/gems/1.9.1/gems/cucumber-1.3.18/lib/cucumber/ast/features.rb:27:in `accept'
C:/Ruby193/lib/ruby/gems/1.9.1/gems/cucumber-1.3.18/lib/cucumber/ast/tree_walker.rb:21:in `block in visit_features'
C:/Ruby193/lib/ruby/gems/1.9.1/gems/cucumber-1.3.18/lib/cucumber/ast/tree_walker.rb:170:in `broadcast'
C:/Ruby193/lib/ruby/gems/1.9.1/gems/cucumber-1.3.18/lib/cucumber/ast/tree_walker.rb:20:in `visit_features'
C:/Ruby193/lib/ruby/gems/1.9.1/gems/cucumber-1.3.18/lib/cucumber/runtime.rb:49:in `run!'
C:/Ruby193/lib/ruby/gems/1.9.1/gems/cucumber-1.3.18/lib/cucumber/cli/main.rb:47:in `execute!'
C:/Ruby193/lib/ruby/gems/1.9.1/gems/cucumber-1.3.18/bin/cucumber:13:in `<top (required)>'
C:/Ruby193/bin/cucumber:23:in `load'
C:/Ruby193/bin/cucumber:23:in `<top (required)>'
-e:1:in `load'
-e:1:in `<main>'
E, [2015-03-01T16:08:03.656380 #924] ERROR -- : Error occurred at login method
D, [2015-03-01T16:08:03.656380 #924] DEBUG -- : no such element
  (Session info: chrome=40.0.2214.115)
  (Driver info: chromedriver=2.14.313457 (3d645c400edf2e2c500566c9aa096063e707c9cf),platform=Windows NT 6.1 SP1 x86_64) (Selenium::WebDriver::Error::NoSuchElementError)
C:/Ruby193/lib/ruby/gems/1.9.1/gems/selenium-webdriver-2.44.0/lib/selenium/webdriver/remote/response.rb:52:in `assert_ok'
C:/Ruby193/lib/ruby/gems/1.9.1/gems/selenium-webdriver-2.44.0/lib/selenium/webdriver/remote/response.rb:15:in `initialize'
C:/Ruby193/lib/ruby/gems/1.9.1/gems/selenium-webdriver-2.44.0/lib/selenium/webdriver/remote/http/common.rb:59:in `new'
C:/Ruby193/lib/ruby/gems/1.9.1/gems/selenium-webdriver-2.44.0/lib/selenium/webdriver/remote/http/common.rb:59:in `create_response'
C:/Ruby193/lib/ruby/gems/1.9.1/gems/selenium-webdriver-2.44.0/lib/selenium/webdriver/remote/http/default.rb:66:in `request'
C:/Ruby193/lib/ruby/gems/1.9.1/gems/selenium-webdriver-2.44.0/lib/selenium/webdriver/remote/http/common.rb:40:in `call'
C:/Ruby193/lib/ruby/gems/1.9.1/gems/selenium-webdriver-2.44.0/lib/selenium/webdriver/remote/bridge.rb:640:in `raw_execute'
C:/Ruby193/lib/ruby/gems/1.9.1/gems/selenium-webdriver-2.44.0/lib/selenium/webdriver/remote/bridge.rb:618:in `execute'
C:/Ruby193/lib/ruby/gems/1.9.1/gems/selenium-webdriver-2.44.0/lib/selenium/webdriver/remote/bridge.rb:586:in `find_element_by'
C:/Ruby193/lib/ruby/gems/1.9.1/gems/selenium-webdriver-2.44.0/lib/selenium/webdriver/common/search_context.rb:42:in `find_element'
C:/Projects/Ruby Projects/Selenium.Framework.Seotoaster/features/support/pages/home_page.rb:30:in `login_with_valid_id'
C:/Projects/Ruby Projects/Selenium.Framework.Seotoaster/features/step_definitions/SEOTOASTER001_login_page_step.rb:9:in `block in <top (required)>'
C:/Ruby193/lib/ruby/gems/1.9.1/gems/cucumber-1.3.18/lib/cucumber/core_ext/instance_exec.rb:48:in `instance_exec'
C:/Ruby193/lib/ruby/gems/1.9.1/gems/cucumber-1.3.18/lib/cucumber/core_ext/instance_exec.rb:48:in `block in cucumber_instance_exec'
C:/Ruby193/lib/ruby/gems/1.9.1/gems/cucumber-1.3.18/lib/cucumber/core_ext/instance_exec.rb:69:in `cucumber_run_with_backtrace_filtering'
C:/Ruby193/lib/ruby/gems/1.9.1/gems/cucumber-1.3.18/lib/cucumber/core_ext/instance_exec.rb:36:in `cucumber_instance_exec'
C:/Ruby193/lib/ruby/gems/1.9.1/gems/cucumber-1.3.18/lib/cucumber/rb_support/rb_step_definition.rb:97:in `invoke'
C:/Ruby193/lib/ruby/gems/1.9.1/gems/cucumber-1.3.18/lib/cucumber/step_match.rb:25:in `invoke'
C:/Ruby193/lib/ruby/gems/1.9.1/gems/cucumber-1.3.18/lib/cucumber/ast/step_invocation.rb:60:in `invoke'
C:/Ruby193/lib/ruby/gems/1.9.1/gems/cucumber-1.3.18/lib/cucumber/ast/step_invocation.rb:38:in `accept'
C:/Ruby193/lib/ruby/gems/1.9.1/gems/cucumber-1.3.18/lib/cucumber/ast/tree_walker.rb:106:in `block in visit_step'
C:/Ruby193/lib/ruby/gems/1.9.1/gems/cucumber-1.3.18/lib/cucumber/ast/tree_walker.rb:170:in `broadcast'
C:/Ruby193/lib/ruby/gems/1.9.1/gems/cucumber-1.3.18/lib/cucumber/ast/tree_walker.rb:105:in `visit_step'
C:/Ruby193/lib/ruby/gems/1.9.1/gems/cucumber-1.3.18/lib/cucumber/ast/step_collection.rb:19:in `block in accept'
C:/Ruby193/lib/ruby/gems/1.9.1/gems/cucumber-1.3.18/lib/cucumber/ast/step_collection.rb:18:in `each'
C:/Ruby193/lib/ruby/gems/1.9.1/gems/cucumber-1.3.18/lib/cucumber/ast/step_collection.rb:18:in `accept'
C:/Ruby193/lib/ruby/gems/1.9.1/gems/cucumber-1.3.18/lib/cucumber/ast/tree_walker.rb:100:in `block in visit_steps'
C:/Ruby193/lib/ruby/gems/1.9.1/gems/cucumber-1.3.18/lib/cucumber/ast/tree_walker.rb:170:in `broadcast'
C:/Ruby193/lib/ruby/gems/1.9.1/gems/cucumber-1.3.18/lib/cucumber/ast/tree_walker.rb:99:in `visit_steps'
C:/Ruby193/lib/ruby/gems/1.9.1/gems/cucumber-1.3.18/lib/cucumber/ast/tree_walker.rb:15:in `block in execute'
C:/Ruby193/lib/ruby/gems/1.9.1/gems/cucumber-1.3.18/lib/cucumber/runtime.rb:83:in `block (2 levels) in with_hooks'
C:/Ruby193/lib/ruby/gems/1.9.1/gems/cucumber-1.3.18/lib/cucumber/runtime.rb:99:in `before_and_after'
C:/Ruby193/lib/ruby/gems/1.9.1/gems/cucumber-1.3.18/lib/cucumber/runtime.rb:82:in `block in with_hooks'
C:/Ruby193/lib/ruby/gems/1.9.1/gems/cucumber-1.3.18/lib/cucumber/runtime/support_code.rb:120:in `call'
C:/Ruby193/lib/ruby/gems/1.9.1/gems/cucumber-1.3.18/lib/cucumber/runtime/support_code.rb:120:in `block (3 levels) in around'
C:/Ruby193/lib/ruby/gems/1.9.1/gems/cucumber-1.3.18/lib/cucumber/language_support/language_methods.rb:9:in `block in around'
C:/Ruby193/lib/ruby/gems/1.9.1/gems/cucumber-1.3.18/lib/cucumber/language_support/language_methods.rb:91:in `call'
C:/Ruby193/lib/ruby/gems/1.9.1/gems/cucumber-1.3.18/lib/cucumber/language_support/language_methods.rb:91:in `execute_around'
C:/Ruby193/lib/ruby/gems/1.9.1/gems/cucumber-1.3.18/lib/cucumber/language_support/language_methods.rb:8:in `around'
C:/Ruby193/lib/ruby/gems/1.9.1/gems/cucumber-1.3.18/lib/cucumber/runtime/support_code.rb:119:in `block (2 levels) in around'
C:/Ruby193/lib/ruby/gems/1.9.1/gems/cucumber-1.3.18/lib/cucumber/runtime/support_code.rb:117:in `call'
C:/Ruby193/lib/ruby/gems/1.9.1/gems/cucumber-1.3.18/lib/cucumber/runtime/support_code.rb:117:in `around'
C:/Ruby193/lib/ruby/gems/1.9.1/gems/cucumber-1.3.18/lib/cucumber/runtime.rb:94:in `around'
C:/Ruby193/lib/ruby/gems/1.9.1/gems/cucumber-1.3.18/lib/cucumber/runtime.rb:81:in `with_hooks'
C:/Ruby193/lib/ruby/gems/1.9.1/gems/cucumber-1.3.18/lib/cucumber/ast/tree_walker.rb:13:in `execute'
C:/Ruby193/lib/ruby/gems/1.9.1/gems/cucumber-1.3.18/lib/cucumber/ast/scenario.rb:32:in `block in accept'
C:/Ruby193/lib/ruby/gems/1.9.1/gems/cucumber-1.3.18/lib/cucumber/ast/scenario.rb:79:in `with_visitor'
C:/Ruby193/lib/ruby/gems/1.9.1/gems/cucumber-1.3.18/lib/cucumber/ast/scenario.rb:31:in `accept'
C:/Ruby193/lib/ruby/gems/1.9.1/gems/cucumber-1.3.18/lib/cucumber/ast/tree_walker.rb:58:in `block in visit_feature_element'
C:/Ruby193/lib/ruby/gems/1.9.1/gems/cucumber-1.3.18/lib/cucumber/ast/tree_walker.rb:170:in `broadcast'
C:/Ruby193/lib/ruby/gems/1.9.1/gems/cucumber-1.3.18/lib/cucumber/ast/tree_walker.rb:57:in `visit_feature_element'
C:/Ruby193/lib/ruby/gems/1.9.1/gems/cucumber-1.3.18/lib/cucumber/ast/feature.rb:38:in `block in accept'
C:/Ruby193/lib/ruby/gems/1.9.1/gems/cucumber-1.3.18/lib/cucumber/ast/feature.rb:37:in `each'
C:/Ruby193/lib/ruby/gems/1.9.1/gems/cucumber-1.3.18/lib/cucumber/ast/feature.rb:37:in `accept'
C:/Ruby193/lib/ruby/gems/1.9.1/gems/cucumber-1.3.18/lib/cucumber/ast/tree_walker.rb:27:in `block in visit_feature'
C:/Ruby193/lib/ruby/gems/1.9.1/gems/cucumber-1.3.18/lib/cucumber/ast/tree_walker.rb:170:in `broadcast'
C:/Ruby193/lib/ruby/gems/1.9.1/gems/cucumber-1.3.18/lib/cucumber/ast/tree_walker.rb:26:in `visit_feature'
C:/Ruby193/lib/ruby/gems/1.9.1/gems/cucumber-1.3.18/lib/cucumber/ast/features.rb:28:in `block in accept'
C:/Ruby193/lib/ruby/gems/1.9.1/gems/cucumber-1.3.18/lib/cucumber/ast/features.rb:17:in `each'
C:/Ruby193/lib/ruby/gems/1.9.1/gems/cucumber-1.3.18/lib/cucumber/ast/features.rb:17:in `each'
C:/Ruby193/lib/ruby/gems/1.9.1/gems/cucumber-1.3.18/lib/cucumber/ast/features.rb:27:in `accept'
C:/Ruby193/lib/ruby/gems/1.9.1/gems/cucumber-1.3.18/lib/cucumber/ast/tree_walker.rb:21:in `block in visit_features'
C:/Ruby193/lib/ruby/gems/1.9.1/gems/cucumber-1.3.18/lib/cucumber/ast/tree_walker.rb:170:in `broadcast'
C:/Ruby193/lib/ruby/gems/1.9.1/gems/cucumber-1.3.18/lib/cucumber/ast/tree_walker.rb:20:in `visit_features'
C:/Ruby193/lib/ruby/gems/1.9.1/gems/cucumber-1.3.18/lib/cucumber/runtime.rb:49:in `run!'
C:/Ruby193/lib/ruby/gems/1.9.1/gems/cucumber-1.3.18/lib/cucumber/cli/main.rb:47:in `execute!'
C:/Ruby193/lib/ruby/gems/1.9.1/gems/cucumber-1.3.18/bin/cucumber:13:in `<top (required)>'
C:/Ruby193/bin/cucumber:23:in `load'
C:/Ruby193/bin/cucumber:23:in `<top (required)>'
-e:1:in `load'
-e:1:in `<main>'
I, [2015-03-01T16:08:03.720384 #924]  INFO -- : Verified Valid login
I, [2015-03-01T16:11:24.262854 #6268]  INFO -- : Browser is opened and web address entered
I, [2015-03-01T16:11:25.811943 #6268]  INFO -- : Login Link is clicked and opened
I, [2015-03-01T16:11:27.000011 #6268]  INFO -- : Email entered successfully
I, [2015-03-01T16:11:27.379033 #6268]  INFO -- : Password entered successfully
I, [2015-03-01T16:11:31.466266 #6268]  INFO -- : System got logon
I, [2015-03-01T16:11:31.584273 #6268]  INFO -- : Verified Valid login
I, [2015-03-02T14:41:09.703679 #3696]  INFO -- : Browser is opened and web address entered
I, [2015-03-02T14:41:10.761740 #3696]  INFO -- : Login Link is clicked and opened
I, [2015-03-02T14:41:11.203765 #3696]  INFO -- : Email entered successfully
I, [2015-03-02T14:41:11.383775 #3696]  INFO -- : Password entered successfully
I, [2015-03-02T14:41:14.370946 #3696]  INFO -- : System got logon
I, [2015-03-02T14:41:14.411949 #3696]  INFO -- : Verified Valid login
